<?xml version="1.0" encoding="UTF-8"?>
<!-- Generated by org.testng.reporters.JUnitXMLReporter -->
<testsuite ignored="0" hostname="DESKTOP-7CDJI15" failures="0" tests="2" name="Test_Linux_firefox" time="207.018" errors="0" timestamp="2024-12-23T12:58:55 IST">
  <testcase classname="com.TestCases.TC001_AccountRegistration" name="verify_account_registration" time="5.738"/>
  <testcase classname="com.TestCases.TC002_AccountLogin" name="verify_login" time="0.0">
    <skipped/>
  </testcase> <!-- verify_login -->
</testsuite> <!-- Test_Linux_firefox -->
