<?xml version="1.0" encoding="UTF-8"?>
<!-- Generated by org.testng.reporters.JUnitXMLReporter -->
<testsuite ignored="1" hostname="DESKTOP-7CDJI15" failures="0" tests="1" name="Test" time="129.229" errors="0" timestamp="2024-12-23T21:20:42 IST">
  <testcase classname="com.TestCases.TC002_AccountLogin" name="verify_login" time="3.859"/>
  <testcase classname="com.TestCases.TC001_AccountRegistration" name="verify_account_registration" time="0.0">
    <ignored/>
  </testcase> <!-- verify_account_registration -->
</testsuite> <!-- Test -->
