<?xml version="1.0" encoding="UTF-8"?>
<!-- Generated by org.testng.reporters.JUnitXMLReporter -->
<testsuite ignored="0" hostname="DESKTOP-7CDJI15" failures="0" tests="2" name="Test_Linux_chrome" time="19.502" errors="0" timestamp="2024-12-23T21:31:22 IST">
  <testcase classname="com.TestCases.TC001_AccountRegistration" name="verify_account_registration" time="3.433"/>
  <testcase classname="com.TestCases.TC002_AccountLogin" name="verify_login" time="2.058"/>
</testsuite> <!-- Test_Linux_chrome -->
