<?xml version="1.0" encoding="UTF-8"?>
<testng-results ignored="0" total="2" passed="2" failed="0" skipped="0">
  <reporter-output>
  </reporter-output>
  <suite started-at="2024-12-23T21:31:02 IST" name="Suite" finished-at="2024-12-23T21:31:21 IST" duration-ms="19502">
    <groups>
      <group name="Master">
        <method signature="TC002_AccountLogin.verify_login()[pri:0, instance:com.TestCases.TC002_AccountLogin@7e6ef134]" name="verify_login" class="com.TestCases.TC002_AccountLogin"/>
      </group> <!-- Master -->
      <group name="Sanity">
        <method signature="TC002_AccountLogin.verify_login()[pri:0, instance:com.TestCases.TC002_AccountLogin@7e6ef134]" name="verify_login" class="com.TestCases.TC002_AccountLogin"/>
      </group> <!-- Sanity -->
      <group name="Regression">
        <method signature="TC001_AccountRegistration.verify_account_registration()[pri:0, instance:com.TestCases.TC001_AccountRegistration@4ed5eb72]" name="verify_account_registration" class="com.TestCases.TC001_AccountRegistration"/>
      </group> <!-- Regression -->
    </groups>
    <test started-at="2024-12-23T21:31:02 IST" name="Test_Linux_chrome" finished-at="2024-12-23T21:31:21 IST" duration-ms="19502">
      <class name="com.TestCases.TC002_AccountLogin">
        <test-method is-config="true" signature="setup(java.lang.String,java.lang.String)[pri:0, instance:com.TestCases.TC002_AccountLogin@7e6ef134]" started-at="2024-12-23T21:31:12 IST" name="setup" finished-at="2024-12-23T21:31:19 IST" duration-ms="7176" status="PASS">
          <params>
            <param index="0">
              <value>
                <![CDATA[Windows]]>
              </value>
            </param>
            <param index="1">
              <value>
                <![CDATA[chrome]]>
              </value>
            </param>
          </params>
          <reporter-output>
          </reporter-output>
        </test-method> <!-- setup -->
        <test-method signature="verify_login()[pri:0, instance:com.TestCases.TC002_AccountLogin@7e6ef134]" started-at="2024-12-23T21:31:19 IST" name="verify_login" finished-at="2024-12-23T21:31:21 IST" duration-ms="2058" status="PASS">
          <reporter-output>
          </reporter-output>
        </test-method> <!-- verify_login -->
        <test-method is-config="true" signature="teardown()[pri:0, instance:com.TestCases.TC002_AccountLogin@7e6ef134]" started-at="2024-12-23T21:31:21 IST" name="teardown" finished-at="2024-12-23T21:31:21 IST" duration-ms="158" status="PASS">
          <reporter-output>
          </reporter-output>
        </test-method> <!-- teardown -->
      </class> <!-- com.TestCases.TC002_AccountLogin -->
      <class name="com.TestCases.TC001_AccountRegistration">
        <test-method is-config="true" signature="setup(java.lang.String,java.lang.String)[pri:0, instance:com.TestCases.TC001_AccountRegistration@4ed5eb72]" started-at="2024-12-23T21:31:02 IST" name="setup" finished-at="2024-12-23T21:31:08 IST" duration-ms="6086" status="PASS">
          <params>
            <param index="0">
              <value>
                <![CDATA[Windows]]>
              </value>
            </param>
            <param index="1">
              <value>
                <![CDATA[chrome]]>
              </value>
            </param>
          </params>
          <reporter-output>
          </reporter-output>
        </test-method> <!-- setup -->
        <test-method signature="verify_account_registration()[pri:0, instance:com.TestCases.TC001_AccountRegistration@4ed5eb72]" started-at="2024-12-23T21:31:08 IST" name="verify_account_registration" finished-at="2024-12-23T21:31:12 IST" duration-ms="3433" status="PASS">
          <reporter-output>
          </reporter-output>
        </test-method> <!-- verify_account_registration -->
        <test-method is-config="true" signature="teardown()[pri:0, instance:com.TestCases.TC001_AccountRegistration@4ed5eb72]" started-at="2024-12-23T21:31:12 IST" name="teardown" finished-at="2024-12-23T21:31:12 IST" duration-ms="208" status="PASS">
          <reporter-output>
          </reporter-output>
        </test-method> <!-- teardown -->
      </class> <!-- com.TestCases.TC001_AccountRegistration -->
    </test> <!-- Test_Linux_chrome -->
  </suite> <!-- Suite -->
</testng-results>
